1708657338.472020 client started (32013): version 3.2a, socket /tmp/tmux-1000/default, protocol 8
1708657338.472031 on Linux 5.15.133.1-microsoft-standard-WSL2 #1 SMP Thu Oct 5 21:02:42 UTC 2023
1708657338.472033 using libevent 2.1.12-stable (poll); ncurses 6.3
1708657338.472039 flags are 0x10010000
1708657338.472040 socket is /tmp/tmux-1000/default
1708657338.472045 trying connect
1708657338.472089 add peer 0x55f1bfe543b0: 6 ((nil))
1708657338.472208 sending message 100 to peer 0x55f1bfe543b0 (4 bytes)
1708657338.472211 sending message 111 to peer 0x55f1bfe543b0 (8 bytes)
1708657338.472212 sending message 101 to peer 0x55f1bfe543b0 (14 bytes)
1708657338.472214 sending message 109 to peer 0x55f1bfe543b0 (4 bytes)
1708657338.472215 sending message 102 to peer 0x55f1bfe543b0 (11 bytes)
1708657338.472216 sending message 108 to peer 0x55f1bfe543b0 (23 bytes)
1708657338.472217 sending message 112 to peer 0x55f1bfe543b0 (70 bytes)
1708657338.472219 sending message 112 to peer 0x55f1bfe543b0 (5 bytes)
1708657338.472220 sending message 112 to peer 0x55f1bfe543b0 (5 bytes)
1708657338.472221 sending message 112 to peer 0x55f1bfe543b0 (6 bytes)
1708657338.472222 sending message 112 to peer 0x55f1bfe543b0 (6 bytes)
1708657338.472224 sending message 112 to peer 0x55f1bfe543b0 (11 bytes)
1708657338.472225 sending message 112 to peer 0x55f1bfe543b0 (10 bytes)
1708657338.472226 sending message 112 to peer 0x55f1bfe543b0 (13 bytes)
1708657338.472227 sending message 112 to peer 0x55f1bfe543b0 (13 bytes)
1708657338.472228 sending message 112 to peer 0x55f1bfe543b0 (18 bytes)
1708657338.472230 sending message 112 to peer 0x55f1bfe543b0 (11 bytes)
1708657338.472231 sending message 112 to peer 0x55f1bfe543b0 (10 bytes)
1708657338.472232 sending message 112 to peer 0x55f1bfe543b0 (15 bytes)
1708657338.472233 sending message 112 to peer 0x55f1bfe543b0 (21 bytes)
1708657338.472234 sending message 112 to peer 0x55f1bfe543b0 (13 bytes)
1708657338.472235 sending message 112 to peer 0x55f1bfe543b0 (7 bytes)
1708657338.472237 sending message 112 to peer 0x55f1bfe543b0 (13 bytes)
1708657338.472238 sending message 112 to peer 0x55f1bfe543b0 (7 bytes)
1708657338.472239 sending message 112 to peer 0x55f1bfe543b0 (13 bytes)
1708657338.472240 sending message 112 to peer 0x55f1bfe543b0 (9 bytes)
1708657338.472241 sending message 112 to peer 0x55f1bfe543b0 (21 bytes)
1708657338.472242 sending message 112 to peer 0x55f1bfe543b0 (13 bytes)
1708657338.472244 sending message 112 to peer 0x55f1bfe543b0 (8 bytes)
1708657338.472245 sending message 112 to peer 0x55f1bfe543b0 (12 bytes)
1708657338.472246 sending message 112 to peer 0x55f1bfe543b0 (13 bytes)
1708657338.472247 sending message 112 to peer 0x55f1bfe543b0 (9 bytes)
1708657338.472248 sending message 112 to peer 0x55f1bfe543b0 (9 bytes)
1708657338.472249 sending message 112 to peer 0x55f1bfe543b0 (12 bytes)
1708657338.472251 sending message 112 to peer 0x55f1bfe543b0 (8 bytes)
1708657338.472252 sending message 112 to peer 0x55f1bfe543b0 (8 bytes)
1708657338.472253 sending message 112 to peer 0x55f1bfe543b0 (7 bytes)
1708657338.472254 sending message 112 to peer 0x55f1bfe543b0 (7 bytes)
1708657338.472255 sending message 112 to peer 0x55f1bfe543b0 (9 bytes)
1708657338.472256 sending message 112 to peer 0x55f1bfe543b0 (13 bytes)
1708657338.472258 sending message 112 to peer 0x55f1bfe543b0 (6 bytes)
1708657338.472259 sending message 112 to peer 0x55f1bfe543b0 (9 bytes)
1708657338.472260 sending message 112 to peer 0x55f1bfe543b0 (15 bytes)
1708657338.472261 sending message 112 to peer 0x55f1bfe543b0 (13 bytes)
1708657338.472262 sending message 112 to peer 0x55f1bfe543b0 (12 bytes)
1708657338.472263 sending message 112 to peer 0x55f1bfe543b0 (8 bytes)
1708657338.472264 sending message 112 to peer 0x55f1bfe543b0 (14 bytes)
1708657338.472266 sending message 112 to peer 0x55f1bfe543b0 (11 bytes)
1708657338.472267 sending message 112 to peer 0x55f1bfe543b0 (9 bytes)
1708657338.472268 sending message 112 to peer 0x55f1bfe543b0 (10 bytes)
1708657338.472269 sending message 112 to peer 0x55f1bfe543b0 (10 bytes)
1708657338.472270 sending message 112 to peer 0x55f1bfe543b0 (10 bytes)
1708657338.472274 sending message 112 to peer 0x55f1bfe543b0 (10 bytes)
1708657338.472276 sending message 112 to peer 0x55f1bfe543b0 (11 bytes)
1708657338.472277 sending message 112 to peer 0x55f1bfe543b0 (12 bytes)
1708657338.472278 sending message 112 to peer 0x55f1bfe543b0 (12 bytes)
1708657338.472279 sending message 112 to peer 0x55f1bfe543b0 (12 bytes)
1708657338.472280 sending message 112 to peer 0x55f1bfe543b0 (12 bytes)
1708657338.472281 sending message 112 to peer 0x55f1bfe543b0 (12 bytes)
1708657338.472282 sending message 112 to peer 0x55f1bfe543b0 (11 bytes)
1708657338.472283 sending message 112 to peer 0x55f1bfe543b0 (11 bytes)
1708657338.472285 sending message 112 to peer 0x55f1bfe543b0 (12 bytes)
1708657338.472286 sending message 112 to peer 0x55f1bfe543b0 (12 bytes)
1708657338.472287 sending message 112 to peer 0x55f1bfe543b0 (12 bytes)
1708657338.472288 sending message 112 to peer 0x55f1bfe543b0 (12 bytes)
1708657338.472289 sending message 112 to peer 0x55f1bfe543b0 (12 bytes)
1708657338.472291 sending message 112 to peer 0x55f1bfe543b0 (10 bytes)
1708657338.472292 sending message 112 to peer 0x55f1bfe543b0 (12 bytes)
1708657338.472293 sending message 112 to peer 0x55f1bfe543b0 (13 bytes)
1708657338.472294 sending message 112 to peer 0x55f1bfe543b0 (13 bytes)
1708657338.472295 sending message 112 to peer 0x55f1bfe543b0 (13 bytes)
1708657338.472296 sending message 112 to peer 0x55f1bfe543b0 (13 bytes)
1708657338.472297 sending message 112 to peer 0x55f1bfe543b0 (13 bytes)
1708657338.472298 sending message 112 to peer 0x55f1bfe543b0 (8 bytes)
1708657338.472300 sending message 112 to peer 0x55f1bfe543b0 (11 bytes)
1708657338.472301 sending message 112 to peer 0x55f1bfe543b0 (11 bytes)
1708657338.472302 sending message 112 to peer 0x55f1bfe543b0 (11 bytes)
1708657338.472303 sending message 112 to peer 0x55f1bfe543b0 (12 bytes)
1708657338.472304 sending message 112 to peer 0x55f1bfe543b0 (12 bytes)
1708657338.472305 sending message 112 to peer 0x55f1bfe543b0 (12 bytes)
1708657338.472306 sending message 112 to peer 0x55f1bfe543b0 (12 bytes)
1708657338.472307 sending message 112 to peer 0x55f1bfe543b0 (13 bytes)
1708657338.472309 sending message 112 to peer 0x55f1bfe543b0 (13 bytes)
1708657338.472310 sending message 112 to peer 0x55f1bfe543b0 (13 bytes)
1708657338.472311 sending message 112 to peer 0x55f1bfe543b0 (8 bytes)
1708657338.472312 sending message 112 to peer 0x55f1bfe543b0 (13 bytes)
1708657338.472313 sending message 112 to peer 0x55f1bfe543b0 (13 bytes)
1708657338.472314 sending message 112 to peer 0x55f1bfe543b0 (13 bytes)
1708657338.472315 sending message 112 to peer 0x55f1bfe543b0 (13 bytes)
1708657338.472316 sending message 112 to peer 0x55f1bfe543b0 (13 bytes)
1708657338.472318 sending message 112 to peer 0x55f1bfe543b0 (12 bytes)
1708657338.472319 sending message 112 to peer 0x55f1bfe543b0 (12 bytes)
1708657338.472320 sending message 112 to peer 0x55f1bfe543b0 (12 bytes)
1708657338.472321 sending message 112 to peer 0x55f1bfe543b0 (12 bytes)
1708657338.472322 sending message 112 to peer 0x55f1bfe543b0 (13 bytes)
1708657338.472323 sending message 112 to peer 0x55f1bfe543b0 (8 bytes)
1708657338.472324 sending message 112 to peer 0x55f1bfe543b0 (13 bytes)
1708657338.472326 sending message 112 to peer 0x55f1bfe543b0 (13 bytes)
1708657338.472327 sending message 112 to peer 0x55f1bfe543b0 (13 bytes)
1708657338.472328 sending message 112 to peer 0x55f1bfe543b0 (13 bytes)
1708657338.472329 sending message 112 to peer 0x55f1bfe543b0 (13 bytes)
1708657338.472330 sending message 112 to peer 0x55f1bfe543b0 (13 bytes)
1708657338.472331 sending message 112 to peer 0x55f1bfe543b0 (13 bytes)
1708657338.472332 sending message 112 to peer 0x55f1bfe543b0 (12 bytes)
1708657338.472333 sending message 112 to peer 0x55f1bfe543b0 (12 bytes)
1708657338.472335 sending message 112 to peer 0x55f1bfe543b0 (12 bytes)
1708657338.472336 sending message 112 to peer 0x55f1bfe543b0 (8 bytes)
1708657338.472337 sending message 112 to peer 0x55f1bfe543b0 (12 bytes)
1708657338.472338 sending message 112 to peer 0x55f1bfe543b0 (13 bytes)
1708657338.472341 sending message 112 to peer 0x55f1bfe543b0 (13 bytes)
1708657338.472342 sending message 112 to peer 0x55f1bfe543b0 (13 bytes)
1708657338.472343 sending message 112 to peer 0x55f1bfe543b0 (13 bytes)
1708657338.472344 sending message 112 to peer 0x55f1bfe543b0 (13 bytes)
1708657338.472345 sending message 112 to peer 0x55f1bfe543b0 (13 bytes)
1708657338.472346 sending message 112 to peer 0x55f1bfe543b0 (13 bytes)
1708657338.472348 sending message 112 to peer 0x55f1bfe543b0 (13 bytes)
1708657338.472349 sending message 112 to peer 0x55f1bfe543b0 (12 bytes)
1708657338.472350 sending message 112 to peer 0x55f1bfe543b0 (10 bytes)
1708657338.472351 sending message 112 to peer 0x55f1bfe543b0 (12 bytes)
1708657338.472352 sending message 112 to peer 0x55f1bfe543b0 (12 bytes)
1708657338.472353 sending message 112 to peer 0x55f1bfe543b0 (12 bytes)
1708657338.472355 sending message 112 to peer 0x55f1bfe543b0 (13 bytes)
1708657338.472356 sending message 112 to peer 0x55f1bfe543b0 (13 bytes)
1708657338.472357 sending message 112 to peer 0x55f1bfe543b0 (13 bytes)
1708657338.472358 sending message 112 to peer 0x55f1bfe543b0 (13 bytes)
1708657338.472359 sending message 112 to peer 0x55f1bfe543b0 (13 bytes)
1708657338.472360 sending message 112 to peer 0x55f1bfe543b0 (13 bytes)
1708657338.472361 sending message 112 to peer 0x55f1bfe543b0 (13 bytes)
1708657338.472362 sending message 112 to peer 0x55f1bfe543b0 (10 bytes)
1708657338.472364 sending message 112 to peer 0x55f1bfe543b0 (13 bytes)
1708657338.472365 sending message 112 to peer 0x55f1bfe543b0 (12 bytes)
1708657338.472366 sending message 112 to peer 0x55f1bfe543b0 (12 bytes)
1708657338.472367 sending message 112 to peer 0x55f1bfe543b0 (12 bytes)
1708657338.472368 sending message 112 to peer 0x55f1bfe543b0 (10 bytes)
1708657338.472369 sending message 112 to peer 0x55f1bfe543b0 (10 bytes)
1708657338.472370 sending message 112 to peer 0x55f1bfe543b0 (10 bytes)
1708657338.472371 sending message 112 to peer 0x55f1bfe543b0 (12 bytes)
1708657338.472372 sending message 112 to peer 0x55f1bfe543b0 (13 bytes)
1708657338.472374 sending message 112 to peer 0x55f1bfe543b0 (13 bytes)
1708657338.472375 sending message 112 to peer 0x55f1bfe543b0 (13 bytes)
1708657338.472376 sending message 112 to peer 0x55f1bfe543b0 (13 bytes)
1708657338.472377 sending message 112 to peer 0x55f1bfe543b0 (13 bytes)
1708657338.472378 sending message 112 to peer 0x55f1bfe543b0 (11 bytes)
1708657338.472379 sending message 112 to peer 0x55f1bfe543b0 (11 bytes)
1708657338.472380 sending message 112 to peer 0x55f1bfe543b0 (12 bytes)
1708657338.472381 sending message 112 to peer 0x55f1bfe543b0 (12 bytes)
1708657338.472383 sending message 112 to peer 0x55f1bfe543b0 (12 bytes)
1708657338.472384 sending message 112 to peer 0x55f1bfe543b0 (12 bytes)
1708657338.472385 sending message 112 to peer 0x55f1bfe543b0 (12 bytes)
1708657338.472386 sending message 112 to peer 0x55f1bfe543b0 (11 bytes)
1708657338.472387 sending message 112 to peer 0x55f1bfe543b0 (12 bytes)
1708657338.472388 sending message 112 to peer 0x55f1bfe543b0 (12 bytes)
1708657338.472389 sending message 112 to peer 0x55f1bfe543b0 (13 bytes)
1708657338.472391 sending message 112 to peer 0x55f1bfe543b0 (13 bytes)
1708657338.472392 sending message 112 to peer 0x55f1bfe543b0 (13 bytes)
1708657338.472393 sending message 112 to peer 0x55f1bfe543b0 (13 bytes)
1708657338.472394 sending message 112 to peer 0x55f1bfe543b0 (13 bytes)
1708657338.472395 sending message 112 to peer 0x55f1bfe543b0 (10 bytes)
1708657338.472396 sending message 112 to peer 0x55f1bfe543b0 (9 bytes)
1708657338.472397 sending message 112 to peer 0x55f1bfe543b0 (12 bytes)
1708657338.472398 sending message 112 to peer 0x55f1bfe543b0 (13 bytes)
1708657338.472400 sending message 112 to peer 0x55f1bfe543b0 (13 bytes)
1708657338.472405 sending message 112 to peer 0x55f1bfe543b0 (13 bytes)
1708657338.472408 sending message 112 to peer 0x55f1bfe543b0 (13 bytes)
1708657338.472409 sending message 112 to peer 0x55f1bfe543b0 (13 bytes)
1708657338.472411 sending message 112 to peer 0x55f1bfe543b0 (9 bytes)
1708657338.472413 sending message 112 to peer 0x55f1bfe543b0 (12 bytes)
1708657338.472414 sending message 112 to peer 0x55f1bfe543b0 (13 bytes)
1708657338.472415 sending message 112 to peer 0x55f1bfe543b0 (13 bytes)
1708657338.472416 sending message 112 to peer 0x55f1bfe543b0 (13 bytes)
1708657338.472417 sending message 112 to peer 0x55f1bfe543b0 (13 bytes)
1708657338.472418 sending message 112 to peer 0x55f1bfe543b0 (13 bytes)
1708657338.472420 sending message 112 to peer 0x55f1bfe543b0 (11 bytes)
1708657338.472421 sending message 112 to peer 0x55f1bfe543b0 (12 bytes)
1708657338.472422 sending message 112 to peer 0x55f1bfe543b0 (13 bytes)
1708657338.472423 sending message 112 to peer 0x55f1bfe543b0 (13 bytes)
1708657338.472424 sending message 112 to peer 0x55f1bfe543b0 (13 bytes)
1708657338.472425 sending message 112 to peer 0x55f1bfe543b0 (13 bytes)
1708657338.472426 sending message 112 to peer 0x55f1bfe543b0 (13 bytes)
1708657338.472427 sending message 112 to peer 0x55f1bfe543b0 (11 bytes)
1708657338.472429 sending message 112 to peer 0x55f1bfe543b0 (12 bytes)
1708657338.472430 sending message 112 to peer 0x55f1bfe543b0 (12 bytes)
1708657338.472431 sending message 112 to peer 0x55f1bfe543b0 (12 bytes)
1708657338.472432 sending message 112 to peer 0x55f1bfe543b0 (12 bytes)
1708657338.472433 sending message 112 to peer 0x55f1bfe543b0 (12 bytes)
1708657338.472434 sending message 112 to peer 0x55f1bfe543b0 (21 bytes)
1708657338.472435 sending message 112 to peer 0x55f1bfe543b0 (12 bytes)
1708657338.472437 sending message 112 to peer 0x55f1bfe543b0 (9 bytes)
1708657338.472438 sending message 112 to peer 0x55f1bfe543b0 (6 bytes)
1708657338.472439 sending message 112 to peer 0x55f1bfe543b0 (8 bytes)
1708657338.472440 sending message 112 to peer 0x55f1bfe543b0 (15 bytes)
1708657338.472441 sending message 112 to peer 0x55f1bfe543b0 (13 bytes)
1708657338.472442 sending message 112 to peer 0x55f1bfe543b0 (9 bytes)
1708657338.472444 sending message 112 to peer 0x55f1bfe543b0 (70 bytes)
1708657338.472445 sending message 112 to peer 0x55f1bfe543b0 (69 bytes)
1708657338.472446 sending message 112 to peer 0x55f1bfe543b0 (10 bytes)
1708657338.472447 sending message 112 to peer 0x55f1bfe543b0 (10 bytes)
1708657338.472448 sending message 112 to peer 0x55f1bfe543b0 (8 bytes)
1708657338.472449 sending message 112 to peer 0x55f1bfe543b0 (15 bytes)
1708657338.472451 sending message 112 to peer 0x55f1bfe543b0 (13 bytes)
1708657338.472452 sending message 112 to peer 0x55f1bfe543b0 (10 bytes)
1708657338.472453 sending message 112 to peer 0x55f1bfe543b0 (10 bytes)
1708657338.472454 sending message 112 to peer 0x55f1bfe543b0 (17 bytes)
1708657338.472455 sending message 112 to peer 0x55f1bfe543b0 (10 bytes)
1708657338.472456 sending message 112 to peer 0x55f1bfe543b0 (13 bytes)
1708657338.472457 sending message 112 to peer 0x55f1bfe543b0 (9 bytes)
1708657338.472459 sending message 112 to peer 0x55f1bfe543b0 (5 bytes)
1708657338.472460 sending message 112 to peer 0x55f1bfe543b0 (15 bytes)
1708657338.472461 sending message 104 to peer 0x55f1bfe543b0 (0 bytes)
1708657338.472463 sending message 110 to peer 0x55f1bfe543b0 (0 bytes)
1708657338.472464 sending message 107 to peer 0x55f1bfe543b0 (4 bytes)
1708657338.472465 sending message 105 to peer 0x55f1bfe543b0 (27 bytes)
1708657338.472466 sending message 105 to peer 0x55f1bfe543b0 (54 bytes)
1708657338.472468 sending message 105 to peer 0x55f1bfe543b0 (29 bytes)
1708657338.472469 sending message 105 to peer 0x55f1bfe543b0 (11 bytes)
1708657338.472470 sending message 105 to peer 0x55f1bfe543b0 (32 bytes)
1708657338.472471 sending message 105 to peer 0x55f1bfe543b0 (12 bytes)
1708657338.472472 sending message 105 to peer 0x55f1bfe543b0 (15 bytes)
1708657338.472474 sending message 105 to peer 0x55f1bfe543b0 (50 bytes)
1708657338.472475 sending message 105 to peer 0x55f1bfe543b0 (43 bytes)
1708657338.472476 sending message 105 to peer 0x55f1bfe543b0 (56 bytes)
1708657338.472477 sending message 105 to peer 0x55f1bfe543b0 (16 bytes)
1708657338.472478 sending message 105 to peer 0x55f1bfe543b0 (86 bytes)
1708657338.472480 sending message 105 to peer 0x55f1bfe543b0 (41 bytes)
1708657338.472482 sending message 105 to peer 0x55f1bfe543b0 (13 bytes)
1708657338.472483 sending message 105 to peer 0x55f1bfe543b0 (8 bytes)
1708657338.472484 sending message 105 to peer 0x55f1bfe543b0 (12 bytes)
1708657338.472485 sending message 105 to peer 0x55f1bfe543b0 (32 bytes)
1708657338.472486 sending message 105 to peer 0x55f1bfe543b0 (1519 bytes)
1708657338.472489 sending message 105 to peer 0x55f1bfe543b0 (85 bytes)
1708657338.472491 sending message 105 to peer 0x55f1bfe543b0 (10 bytes)
1708657338.472492 sending message 105 to peer 0x55f1bfe543b0 (17 bytes)
1708657338.472493 sending message 105 to peer 0x55f1bfe543b0 (12 bytes)
1708657338.472494 sending message 105 to peer 0x55f1bfe543b0 (11 bytes)
1708657338.472495 sending message 105 to peer 0x55f1bfe543b0 (1048 bytes)
1708657338.472497 sending message 105 to peer 0x55f1bfe543b0 (38 bytes)
1708657338.472498 sending message 105 to peer 0x55f1bfe543b0 (40 bytes)
1708657338.472499 sending message 105 to peer 0x55f1bfe543b0 (27 bytes)
1708657338.472500 sending message 105 to peer 0x55f1bfe543b0 (29 bytes)
1708657338.472502 sending message 105 to peer 0x55f1bfe543b0 (19 bytes)
1708657338.472503 sending message 105 to peer 0x55f1bfe543b0 (8 bytes)
1708657338.472504 sending message 105 to peer 0x55f1bfe543b0 (19 bytes)
1708657338.472505 sending message 105 to peer 0x55f1bfe543b0 (18 bytes)
1708657338.472506 sending message 105 to peer 0x55f1bfe543b0 (26 bytes)
1708657338.472507 sending message 105 to peer 0x55f1bfe543b0 (36 bytes)
1708657338.472509 sending message 105 to peer 0x55f1bfe543b0 (13 bytes)
1708657338.472510 sending message 105 to peer 0x55f1bfe543b0 (53 bytes)
1708657338.472511 sending message 105 to peer 0x55f1bfe543b0 (9 bytes)
1708657338.472512 sending message 105 to peer 0x55f1bfe543b0 (26 bytes)
1708657338.472513 sending message 105 to peer 0x55f1bfe543b0 (24 bytes)
1708657338.472514 sending message 105 to peer 0x55f1bfe543b0 (33 bytes)
1708657338.472516 sending message 105 to peer 0x55f1bfe543b0 (23 bytes)
1708657338.472517 sending message 105 to peer 0x55f1bfe543b0 (35 bytes)
1708657338.472518 sending message 105 to peer 0x55f1bfe543b0 (53 bytes)
1708657338.472519 sending message 105 to peer 0x55f1bfe543b0 (48 bytes)
1708657338.472520 sending message 105 to peer 0x55f1bfe543b0 (32 bytes)
1708657338.472522 sending message 105 to peer 0x55f1bfe543b0 (25 bytes)
1708657338.472523 sending message 105 to peer 0x55f1bfe543b0 (16 bytes)
1708657338.472524 sending message 105 to peer 0x55f1bfe543b0 (24 bytes)
1708657338.472525 sending message 105 to peer 0x55f1bfe543b0 (20 bytes)
1708657338.472526 sending message 105 to peer 0x55f1bfe543b0 (10 bytes)
1708657338.472528 sending message 106 to peer 0x55f1bfe543b0 (0 bytes)
1708657338.472532 sending message 200 to peer 0x55f1bfe543b0 (4 bytes)
1708657338.472533 client loop enter
1708657338.472769 peer 0x55f1bfe543b0 message 303
1708657338.472772 open write file 2 -
1708657338.472775 sending message 305 to peer 0x55f1bfe543b0 (8 bytes)
1708657338.472779 write check file 2
1708657338.472828 peer 0x55f1bfe543b0 message 304
1708657338.472830 write 58 to file 2
1708657338.472832 peer 0x55f1bfe543b0 message 203
1708657338.472833 file 2 58 bytes left
1708657338.472847 write check file 2
1708657338.472849 client loop exit
